<?xml version="1.0" encoding="UTF-8"?>
<testng-results ignored="0" total="1" passed="1" failed="0" skipped="0">
  <reporter-output>
  </reporter-output>
  <suite started-at="2023-06-07T22:31:19 IST" name="Default suite" finished-at="2023-06-07T22:31:19 IST" duration-ms="53">
    <groups>
    </groups>
    <test started-at="2023-06-07T22:31:19 IST" name="Default test" finished-at="2023-06-07T22:31:19 IST" duration-ms="53">
      <class name="selenium.test.TestClass2">
        <test-method signature="testMethod2()[pri:0, instance:selenium.test.TestClass2@1e0b4072]" started-at="2023-06-07T22:31:19 IST" name="testMethod2" finished-at="2023-06-07T22:31:19 IST" duration-ms="10" status="PASS">
          <reporter-output>
          </reporter-output>
        </test-method> <!-- testMethod2 -->
      </class> <!-- selenium.test.TestClass2 -->
    </test> <!-- Default test -->
  </suite> <!-- Default suite -->
</testng-results>
