<?xml version="1.0" encoding="UTF-8"?>
<!-- Generated by org.testng.reporters.JUnitXMLReporter -->
<testsuite ignored="0" hostname="LAPTOP-QL76SAI4" failures="0" tests="30" name="Test" time="7.209" errors="0" timestamp="2023-06-05T19:58:48 IST">
  <testcase classname="selenium.test.TestNGParallelDependent" name="testA" time="0.016"/>
  <testcase classname="selenium.test.TestNGParallelDependent" name="testA" time="0.004"/>
  <testcase classname="selenium.test.TestNGParallelDependent" name="testA" time="0.001"/>
  <testcase classname="selenium.test.TestNGParallelDependent" name="testB" time="0.001"/>
  <testcase classname="selenium.test.TestNGParallelDependent" name="testB" time="0.003"/>
  <testcase classname="selenium.test.TestNGParallelDependent" name="testB" time="0.001"/>
  <testcase classname="selenium.test.TestNGParallelDependent" name="testC" time="0.002"/>
  <testcase classname="selenium.test.TestNGParallelDependent" name="testC" time="0.002"/>
  <testcase classname="selenium.test.TestNGParallelDependent" name="testC" time="0.003"/>
  <testcase classname="selenium.test.TestNGParallelDependent" name="testD" time="0.001"/>
  <testcase classname="selenium.test.TestNGParallelDependent" name="testD" time="0.003"/>
  <testcase classname="selenium.test.TestNGParallelDependent" name="testD" time="0.002"/>
  <testcase classname="selenium.test.TestNGParallelDependent" name="testE" time="0.002"/>
  <testcase classname="selenium.test.TestNGParallelDependent" name="testE" time="0.003"/>
  <testcase classname="selenium.test.TestNGParallelDependent" name="testE" time="0.001"/>
  <testcase classname="selenium.test.TestNGParallelDependent" name="testF" time="0.0"/>
  <testcase classname="selenium.test.TestNGParallelDependent" name="testF" time="0.001"/>
  <testcase classname="selenium.test.TestNGParallelDependent" name="testF" time="0.001"/>
  <testcase classname="selenium.test.TestNGParallelDependent" name="testG" time="0.001"/>
  <testcase classname="selenium.test.TestNGParallelDependent" name="testG" time="0.001"/>
  <testcase classname="selenium.test.TestNGParallelDependent" name="testG" time="0.0"/>
  <testcase classname="selenium.test.TestNGParallelDependent" name="testH" time="0.0"/>
  <testcase classname="selenium.test.TestNGParallelDependent" name="testH" time="0.001"/>
  <testcase classname="selenium.test.TestNGParallelDependent" name="testH" time="0.001"/>
  <testcase classname="selenium.test.TestNGParallelDependent" name="testI" time="0.001"/>
  <testcase classname="selenium.test.TestNGParallelDependent" name="testI" time="0.001"/>
  <testcase classname="selenium.test.TestNGParallelDependent" name="testI" time="0.001"/>
  <testcase classname="selenium.test.TestNGParallelDependent" name="testJ" time="0.001"/>
  <testcase classname="selenium.test.TestNGParallelDependent" name="testJ" time="0.001"/>
  <testcase classname="selenium.test.TestNGParallelDependent" name="testJ" time="0.001"/>
</testsuite> <!-- Test -->
